0 info it worked if it ends with ok
1 verbose cli [ '/home/diff/.nodenv/versions/6.2.2/bin/node',
1 verbose cli   '/home/diff/.nodenv/versions/6.2.2/bin/npm',
1 verbose cli   'run',
1 verbose cli   'selenium-server' ]
2 info using npm@3.10.2
3 info using node@v6.2.2
4 verbose run-script [ 'preselenium-server',
4 verbose run-script   'selenium-server',
4 verbose run-script   'postselenium-server' ]
5 info lifecycle vdom-event-listener@0.0.3~preselenium-server: vdom-event-listener@0.0.3
6 silly lifecycle vdom-event-listener@0.0.3~preselenium-server: no script for preselenium-server, continuing
7 info lifecycle vdom-event-listener@0.0.3~selenium-server: vdom-event-listener@0.0.3
8 verbose lifecycle vdom-event-listener@0.0.3~selenium-server: unsafe-perm in lifecycle true
9 verbose lifecycle vdom-event-listener@0.0.3~selenium-server: PATH: /home/diff/.nodenv/versions/6.2.2/lib/node_modules/npm/bin/node-gyp-bin:/home/diff/work/vdom-event-listener/node_modules/.bin:/home/diff/.nodenv/versions/6.2.2/bin:/home/diff/.nodenv/versions/6.2.2/bin:/home/diff/.nodenv/libexec:/home/diff/.nodenv/plugins/nodenv-update/bin:/home/diff/.nodenv/plugins/node-build-update-defs/bin:/home/diff/.nodenv/plugins/node-build/bin:/home/diff/.plenv/shims:/home/diff/.plenv/bin:/home/diff/.gem/ruby/2.2.0/bin:/home/diff/.nodenv/shims:/home/diff/.nodenv/bin:/home/diff/.rbenv/shims:/home/diff/.rbenv/bin:/home/diff/.bin:/home/diff/.local/bin:/usr/local/sbin:/usr/local/bin:/usr/bin:/usr/bin/site_perl:/usr/bin/vendor_perl:/usr/bin/core_perl:/home/diff/build/go/bin:/home/diff/go/bin
10 verbose lifecycle vdom-event-listener@0.0.3~selenium-server: CWD: /home/diff/work/vdom-event-listener
11 silly lifecycle vdom-event-listener@0.0.3~selenium-server: Args: [ '-c', 'webdriver-manager update && webdriver-manager start' ]
12 silly lifecycle vdom-event-listener@0.0.3~selenium-server: Returned: code: 143  signal: null
13 info lifecycle vdom-event-listener@0.0.3~selenium-server: Failed to exec selenium-server script
14 verbose stack Error: vdom-event-listener@0.0.3 selenium-server: `webdriver-manager update && webdriver-manager start`
14 verbose stack Exit status 143
14 verbose stack     at EventEmitter.<anonymous> (/home/diff/.nodenv/versions/6.2.2/lib/node_modules/npm/lib/utils/lifecycle.js:242:16)
14 verbose stack     at emitTwo (events.js:106:13)
14 verbose stack     at EventEmitter.emit (events.js:191:7)
14 verbose stack     at ChildProcess.<anonymous> (/home/diff/.nodenv/versions/6.2.2/lib/node_modules/npm/lib/utils/spawn.js:40:14)
14 verbose stack     at emitTwo (events.js:106:13)
14 verbose stack     at ChildProcess.emit (events.js:191:7)
14 verbose stack     at maybeClose (internal/child_process.js:852:16)
14 verbose stack     at Process.ChildProcess._handle.onexit (internal/child_process.js:215:5)
15 verbose pkgid vdom-event-listener@0.0.3
16 verbose cwd /home/diff/work/vdom-event-listener
17 error Linux 4.6.4-1-ARCH
18 error argv "/home/diff/.nodenv/versions/6.2.2/bin/node" "/home/diff/.nodenv/versions/6.2.2/bin/npm" "run" "selenium-server"
19 error node v6.2.2
20 error npm  v3.10.2
21 error code ELIFECYCLE
22 error vdom-event-listener@0.0.3 selenium-server: `webdriver-manager update && webdriver-manager start`
22 error Exit status 143
23 error Failed at the vdom-event-listener@0.0.3 selenium-server script 'webdriver-manager update && webdriver-manager start'.
23 error Make sure you have the latest version of node.js and npm installed.
23 error If you do, this is most likely a problem with the vdom-event-listener package,
23 error not with npm itself.
23 error Tell the author that this fails on your system:
23 error     webdriver-manager update && webdriver-manager start
23 error You can get information on how to open an issue for this project with:
23 error     npm bugs vdom-event-listener
23 error Or if that isn't available, you can get their info via:
23 error     npm owner ls vdom-event-listener
23 error There is likely additional logging output above.
24 verbose exit [ 1, true ]
